A D/Acme-Bleach-1.12////
A D/Acme-Brainfuck-1.1.1////
A D/Acme-Bushisms-0.02////
A D/Acme-EyeDrops-1.16////
A D/Algorithm-Diff-1.15////
A D/AnyData-0.05////
A D/Apache-DBILogConfig-0.02////
A D/Apache-Filter-1.022////
A D/Apache-JumpByReferer-0.01////
A D/Apache-ParseLog-1.02////
A D/Apache-SSI-2.17////
A D/App-perlbrew-0.10////
A D/Audio-Beep-0.07////
A D/Audio-Beep-0.10////
A D/Benchmark-1.10////
A D/BerkeleyDB-0.20////
A D/BerkeleyDB-Lite-1_10////
A D/CGI-2.89////
A D/CGI-3.49////
A D/CGI-Explorer-1.13////
A D/CGI-FastTemplate-1.09////
A D/CGI-Kwiki-0.18////
A D/CGI-Lite-2.001-emergencyrelease////
A D/CGI-Session-3.11////
A D/CGI-Session-Hidden-0.01////
A D/CGI-SpeedyCGI-2.21////
A D/CGI-WebGzip-0.12////
A D/CGI.pm-2.89////
A D/CGI.pm-3.49////
A D/CPANPLUS-0.043////
A D/CPANPLUS-0.044////
A D/CPANPLUS-0.048////
A D/Cache-Cache-1.01////
A D/Calendar-Simple-1.07////
A D/Class-Accessor-0.18////
A D/Class-DBI-0.94////
A D/Class-DBI-0.96////
A D/Class-DBI-Sweet-0.05////
A D/Class-DBI-mysql-1.00////
A D/Class-Data-Inheritable-0.02////
A D/Clone-0.09////
A D/Cmenu-1.1////
A D/Config-Simple-4.55////
A D/Crypt-Blowfish-2.09////
A D/Crypt-Blowfish_PP-1.12////
A D/Crypt-CAST5-0.02////
A D/Crypt-CAST5_PP-1.02////
A D/Crypt-CBC-2.08////
A D/Crypt-CBCeasy-0.24////
A D/Crypt-CFB-0.01////
A D/Crypt-Caesar-0.01////
A D/Crypt-Cracklib-0.01////
A D/Crypt-DES-2.03////
A D/Crypt-DES_PP-1.00////
A D/Crypt-ECB-1.1////
A D/Crypt-Enigma-1.1////
A D/Crypt-IDEA-1.01////
A D/Crypt-OOEnigma-0.3////
A D/Crypt-Passwd-0.03////
A D/Crypt-PasswdMD5-1.2////
A D/Crypt-Rijndael-0.05////
A D/Crypt-Rijndael_PP-0.04////
A D/Crypt-SKey-0.03////
A D/Crypt-SSLeay-0.45////
A D/Crypt-TEA-1.25////
A D/Crypt-Tea-1.43////
A D/Crypt-TripleDES-0.24////
A D/Crypt-Twofish-2.12////
A D/DBD-AnyData-0.05////
A D/DBD-DB2-0.76////
A D/DBD-ODBC-1.05////
A D/DBD-Oracle-1.14////
A D/DBD-Pg-1.22////
A D/DBD-PgPP-0.05////
A D/DBD-SQLite-0.19////
A D/DBD-Sybase-1.00////
A D/DBD-mysql-2.1026////
A D/DBD-mysqlPP-0.03////
A D/DBIx-Class-0.07006////
A D/DB_File-1.805////
A D/Data-FormValidator-1.91////
A D/Data-Page-1.01////
A D/Data-Pageset-0.06////
A D/Data-TemporaryBag-0.06////
A D/Date-Calc-5.3////
A D/Date-Culc-5.3////
A D/Date-Japanese-Era-0.03////
A D/Date-Range-0.9////
A D/Date-Simple-1.03////
A D/Date-Simple-2.03////
A D/Devel-Cycle-1.02////
A D/Devel-Leak-0.02////
A D/Devel-Profile-1.04////
A D/Devel-Size-0.58////
A D/Digest-1.00////
A D/Digest-HMAC-1.01////
A D/Digest-MD2-2.00////
A D/Digest-MD5-2.20////
A D/Digest-Perl-MD5-1.5////
A D/Digest-SHA1-2.01////
A D/Dir-Purge-1.0////
A D/Email-Sender-0.093380////
A D/Email-Valid-0.14////
A D/Email-Valid-0.15////
A D/Email-Valid-0.182////
A D/Email-Valid-Loose-0.02////
A D/Email-Valid-Loose-0.04////
A D/Email-Valid-Loose-0.05////
A D/Error-0.15////
A D/File-Archive-0.53////
A D/File-Backup-0.0602////
A D/File-BaseDir-0.02////
A D/File-BasicFlock-98.1202////
A D/File-Binary-1.1////
A D/File-Butler-3.01////
A D/File-Copy-Recursive-0.06////
A D/File-CounterFile-1.00////
A D/File-Find-Iterator-0.3////
A D/File-Log-1.02////
A D/File-MMagic-1.21////
A D/File-NCopy-0.34////
A D/File-Path-Expand-1.01////
A D/File-Random-0.17////
A D/File-ReadBackwards-1.02////
A D/File-Remote-1.16////
A D/File-Remove-0.20////
A D/File-Searcher-0.91////
A D/File-Slurp-2004.0904////
A D/File-Slurp-9999.01////
A D/File-Slurp-Tree-1.22////
A D/File-Tail-0.98////
A D/File-Temp-0.12////
A D/File-Touch-0.01////
A D/File-Transaction-1.00////
A D/File-Transaction-Atomic-1.00////
A D/File-Version-0.02////
A D/File-Which-0.05////
A D/File-chdir-0.06////
A D/Filesys-DiskFree-0.06////
A D/Filesys-DiskUsage-0.02////
A D/GD-2.02////
A D/GD-Barcode-1.13////
A D/GD-Polyline-0.2////
A D/Games-Cards-1.45////
A D/Games-Go-GMP-0.01////
A D/Games-Go-SGF-0.01////
A D/Games-Goban-0.01////
A D/HTML-Entities-3.55////
A D/HTML-Entities-ImodePictogram-0.05////
A D/HTML-FillInForm-1.00////
A D/HTML-FillInForm-1.04////
A D/HTML-Lint-1.22////
A D/HTML-Table-2.02////
A D/HTML-Template-0.26////
A D/HTML-Template-2.6////
A D/HTML-Template-JIT-0.04////
A D/HTML-TokeParser-Simple-2.1////
A D/HTTP-BrowserDetect-0.97////
A D/HTTP-Lite-2.1.1////
A D/HTTP-Lite-2.1.4////
A D/HTTP-WebTest-2.04////
A D/HTTPD-WatchLog-0.01////
A D/IO-All-0.31////
A D/IO-Socket-SSL-0.91////
A D/Image-Size-2.99////
A D/Inline-0.43////
A D/Jcode-0.82////
A D/KiokuDB-0.32////
A D/Log-Common-1.00////
A D/Logfile-0.302////
A D/MIDI-Perl-0.8////
A D/MIME-Base64-2.12////
A D/MIME-Explode-0.09////
A D/MLDBM-2.01////
A D/Math-BaseCalc-1.011////
A D/Net-Daemon-0.37////
A D/Net-Daemon-SSL-1.0////
A D/Net-IRC-0.73////
A D/Net-MySQL-0.05////
A D/Net-Rexec-0.12////
A D/Net-SSLeay-1.20////
A D/Net-Server-0.85////
A D/Net-TrackBack-0.21////
A D/Net_SSLeay.pm-1.20////
A D/Number-Phone-JP-0.01////
A D/Number-Phone-JP-0.03////
A D/Object-InsideOut-1.52////
A D/PAR-0.75////
A D/PAR-Dist-0.05////
A D/PHP-Session-0.15////
A D/POE-0.26////
A D/Parallel-ForkManager-0.7.5////
A D/Parse-AccessLogEntry-0.05////
A D/Parse-RecDescent-1.94////
A D/Parse-RecDescent-FAQ-2.37////
A D/PerlIO-gzip-0.17////
A D/PersistentPerl-2.21////
A D/PlRPC-0.2016////
A D/RDF-Core-0.30////
A D/SQL-Abstract-1.17////
A D/SVG-2.25////
A D/SVG-Parser-0.97////
A D/SVGGraph-0.04////
A D/SWF-File-0.20////
A D/Scalar-Properties-0.11////
A D/Sort-Fields-0.90////
A D/Storable-2.05////
A D/Switch-2.09////
A D/Test-Base-0.52////
A D/Test-Base-0.59////
A D/Test-Inline-0.15////
A D/Test-Simple-0.47////
A D/Test-Simple-0.94////
A D/Test-Unit-0.24////
A D/Text-CSV_XS-0.23////
A D/Text-CVS_XS-0.23////
A D/Text-Iconv-1.2////
A D/Text-SimpleTemplate-0.36////
A D/Thread-2.00////
A D/Thread-Conveyor-0.17////
A D/Thread-Conveyor-Monitored-0.12////
A D/Thread-Detach-0.01////
A D/Thread-Exit-0.09////
A D/Thread-Queue-Any-0.07////
A D/Thread-Rand-0.06////
A D/Thread-Running-0.05////
A D/Thread-Serialize-0.07////
A D/Thread-Use-0.05////
A D/Tie-LogFile-0.1////
A D/Time-Elapse-1.2402////
A D/Time-HiRes-1.55////
A D/Time-Piece-1.08////
A D/Tree-DAG_Node-1.04////
A D/Tree-Nary-1.21////
A D/URI-1.35////
A D/Unicode-Japanese-0.18////
A D/Unicode-String-2.09////
A D/VCS-Lite-0.02////
A D/VCS-Lite-0.04////
A D/WWW-Mechanize-1.02////
A D/WebService-Rakuten-0.02////
A D/Win32-GuiTest-1.3////
A D/Wx-WidgetMaker-0.01////
A D/XML-FOAF-0.02////
A D/XML-RSS-1.02////
A D/XML-RSS-Aggregate-0.02////
A D/XML-RSSLite-0.11////
A D/YAML-0.35////
A D/YAML-0.62////
A D/autobox-1.03////
A D/autobox-Core-0.3////
A D/encoding-2.6////
A D/feature-1.11////
A D/integer-1.00////
A D/libapreq-1.0////
A D/libnet-1.12////
A D/libwin32-0.26////
A D/libwww-perl-5.813////
A D/mod_perl-1.29_related////
A D/mro-1.00////
A D/open-1.06////
A D/overload-1.06////
A D/pgsql_perl5-1.9.0////
A D/re-0.08////
A D/strict-1.04////
A D/threads-0.99////
A D/threads-1.67////
A D/threads-shared-1.14////
A D/utf8-1.07////
A D/version-0.70////
A D/version-0.74////
